21/03/2020, 00:32:16 3021892368
21/03/2020, 00:33:44 3722393171
21/03/2020, 19:45:21 3021892368
21/03/2020, 22:27:56 3021892368
21/03/2020, 22:28:55 3021892368
21/03/2020, 22:29:57 3021892368
21/03/2020, 22:30:31 3021892368
21/03/2020, 22:30:43 3021892368
21/03/2020, 22:30:47 3021892368
21/03/2020, 22:31:07 3021892368
21/03/2020, 22:31:45 3021892368
21/03/2020, 22:32:14 3021892368
21/03/2020, 22:33:24 3021892368
21/03/2020, 22:33:42 3021892368
21/03/2020, 22:34:20 3021892368
21/03/2020, 22:36:31 3021892368
21/03/2020, 22:36:37 3021892368
21/03/2020, 22:36:41 3021892368
21/03/2020, 22:36:58 2401077759
21/03/2020, 22:37:09 2742417852
21/03/2020, 22:37:17 2791101902
21/03/2020, 22:37:34 2673963345
21/03/2020, 22:37:46 948704918
21/03/2020, 22:37:53 388714382
21/03/2020, 22:38:03 344625472
21/03/2020, 22:38:11 4039557897
21/03/2020, 22:38:22 4173064330
21/03/2020, 22:38:28 3202620720
21/03/2020, 22:50:20 1756551837
21/03/2020, 22:50:37 2109732022
21/03/2020, 22:50:52 1984412236
21/03/2020, 22:51:08 3838918662
21/03/2020, 22:51:17 52363875
21/03/2020, 22:51:33 1403082089
21/03/2020, 22:51:40 2022704504
21/03/2020, 22:53:09 553623339
21/03/2020, 22:53:16 3325540832
21/03/2020, 22:53:19 2150817005
21/03/2020, 22:54:50 3125128274
21/03/2020, 22:55:01 835556174
21/03/2020, 22:55:22 326297323
21/03/2020, 22:55:29 2565991078
21/03/2020, 22:55:42 3326480503
21/03/2020, 22:56:41 3252908144
21/03/2020, 22:56:53 2990100738
21/03/2020, 22:57:15 1912692222 !!! due celle fuori !!!
21/03/2020, 22:58:28 3506325881
21/03/2020, 22:58:46 1534969187
[24/03/2020 21:43:56] 3330953245
[24/03/2020 21:44:59] 3794872727
[24/03/2020 21:45:06] 3542334669
[24/03/2020 21:46:47] 2787671776
[24/03/2020 21:47:30] 2037257122
[24/03/2020 21:48:33] 3413936840
[24/03/2020 21:50:15] 3942933085
[24/03/2020 22:01:36] 1627499746
[24/03/2020 22:03:40] 827213644
[24/03/2020 22:04:00] 2891512677
[24/03/2020 22:04:10] 2458497532
[24/03/2020 22:04:48] 2669935423
[24/03/2020 22:05:59] 699344119
[24/03/2020 22:06:32] 1317402896
[24/03/2020 22:07:03] 342971211
[24/03/2020 22:08:25] 119323505
[24/03/2020 22:08:41] 2242999698
[24/03/2020 22:09:09] 447335131
[24/03/2020 22:15:17] 2088831138
[24/03/2020 22:15:49] 3455449689
[24/03/2020 22:16:12] 2631643386
[24/03/2020 22:16:34] 2825783375
[24/03/2020 22:17:50] 1491450012
[24/03/2020 22:18:17] 3506345371
[24/03/2020 22:19:16] 1894305303
[24/03/2020 22:19:47] 2206726784
[24/03/2020 22:21:01] 1521272409
[25/03/2020 22:01:53] 873171180
[25/03/2020 22:03:23] 916051729
[25/03/2020 22:03:34] 730734216
[25/03/2020 22:03:42] 510851113
[25/03/2020 22:03:47] 2211838396
[25/03/2020 22:04:07] 2143056250
[25/03/2020 22:04:09] 2841570829
[25/03/2020 22:04:45] 2859146339
[25/03/2020 22:05:50] 1355008330
[25/03/2020 22:08:01] 2883000710
[25/03/2020 22:08:02] 341900632
[25/03/2020 22:08:04] 2123924700
[25/03/2020 22:08:05] 1972537868
[25/03/2020 22:08:07] 2689977763
[25/03/2020 22:08:21] 2436106465
[25/03/2020 22:08:22] 2241378209
[25/03/2020 22:08:24] 3541608074
[25/03/2020 22:08:26] 1067999927
[25/03/2020 22:08:27] 2094183577
[25/03/2020 22:11:53] 1847655507
[25/03/2020 22:11:55] 2295974407
[25/03/2020 22:11:57] 2005486156
[25/03/2020 22:11:59] 4102887707
[25/03/2020 22:13:36] 2509681585
[25/03/2020 22:13:40] 1135677437
[25/03/2020 22:14:14] 129224775
[25/03/2020 22:15:01] 4049469197
[25/03/2020 22:15:10] 2445691976
[25/03/2020 22:15:12] 4137421168
[25/03/2020 22:15:14] 1904203112
[25/03/2020 22:17:18] 166499399
[25/03/2020 22:17:27] 1625759884
[25/03/2020 22:17:36] 256928272
[25/03/2020 22:17:39] 3493905834
[25/03/2020 22:17:47] 1064824038
[25/03/2020 22:18:19] 2846424972
[25/03/2020 22:22:03] 308698081
[25/03/2020 22:22:24] 2624327142
[25/03/2020 22:22:28] 1266139315
[25/03/2020 22:22:35] 1028542709
[25/03/2020 22:25:36] 115017891
[25/03/2020 22:39:42] 2982280448
[25/03/2020 22:39:55] 575255265
[25/03/2020 22:40:09] 91117457
[25/03/2020 22:40:22] 532837741
[25/03/2020 22:42:50] 1926161441
[25/03/2020 22:43:02] 3599240298
[25/03/2020 22:43:13] 1292822384
[25/03/2020 22:43:47] 2809820798
[25/03/2020 22:45:07] 2923887903
[25/03/2020 22:47:45] 570616180
[25/03/2020 22:48:18] 887230731
[25/03/2020 22:48:48] 2522593697
[25/03/2020 22:57:49] 2876597883
[25/03/2020 22:57:56] 3371287051
[25/03/2020 22:58:04] 603193741
[25/03/2020 22:58:22] 4157130646
[25/03/2020 22:58:53] 4157130646
[25/03/2020 22:59:25] 4157130646
[25/03/2020 23:00:02] 4157130646
[26/03/2020 22:29:28] 4157130646
[26/03/2020 22:29:50] 4157130646
[26/03/2020 22:35:49] 4157130646
[26/03/2020 22:36:11] 2603963649
[26/03/2020 22:36:52] 3808708134 !! errore in voronoi.py!!
[26/03/2020 22:37:04] 84268946
[26/03/2020 22:37:38] 3808708134
[26/03/2020 22:40:58] 3552503785
[26/03/2020 22:41:45] 2652444726
[26/03/2020 22:42:22] 3288384606
[26/03/2020 23:11:02] 1837596080
[26/03/2020 23:11:25] 2921197369
[26/03/2020 23:13:50] 4186822254
[26/03/2020 23:13:53] 894344542
[26/03/2020 23:29:39] 3585462608
[26/03/2020 23:35:10] 836527952
[26/03/2020 23:38:19] 3952725756
[26/03/2020 23:42:37] 725241920
[26/03/2020 23:56:54] 1381314298
[28/03/2020 19:24:20] 1461250432
[28/03/2020 19:25:03] 1090745484
[28/03/2020 19:25:21] 2316465563
[28/03/2020 19:25:30] 2522136477
[28/03/2020 19:28:47] 867587252
[28/03/2020 19:29:12] 1069966913
[28/03/2020 19:29:47] 1025684437
[28/03/2020 19:34:42] 997708281
[28/03/2020 19:56:00] 437072787
[28/03/2020 19:56:47] 3036024520
[28/03/2020 20:24:58] 3462950098
[28/03/2020 20:25:46] 2542331830
[28/03/2020 20:26:04] 2399327338
[28/03/2020 20:27:35] 215767514
[28/03/2020 20:28:25] 1768238874
[28/03/2020 20:28:57] 2172327320
[28/03/2020 20:29:15] 601532914
[28/03/2020 20:29:37] 436584822
[28/03/2020 20:30:41] 2723953379
[28/03/2020 20:31:02] 48853783
[28/03/2020 22:50:45] 243691782
[28/03/2020 23:03:13] 894704030
[28/03/2020 23:06:38] 4033366917
[28/03/2020 23:07:17] 2058152546
[28/03/2020 23:07:38] 1311858518
[28/03/2020 23:07:49] 4111883256
[28/03/2020 23:07:57] 2307542899
[28/03/2020 23:12:16] 2784376013
[28/03/2020 23:12:50] 3170508793
[28/03/2020 23:14:15] 3755266936
[28/03/2020 23:14:40] 4006369033
[28/03/2020 23:14:58] 1354556240
[28/03/2020 23:15:28] 1945085339
[28/03/2020 23:15:33] 1880681271
[28/03/2020 23:15:40] 3901636403
[28/03/2020 23:15:44] 3843805474
[28/03/2020 23:15:48] 3782426938
[28/03/2020 23:49:01] 2827353610
[28/03/2020 23:51:01] 2758243851
[28/03/2020 23:51:29] 2284934533
[28/03/2020 23:52:10] 3168547278
[28/03/2020 23:53:08] 2511970629
[28/03/2020 23:53:40] 3895170925
[28/03/2020 23:54:07] 3858724768
[28/03/2020 23:54:21] 1700426357
[28/03/2020 23:54:31] 2535579733
[28/03/2020 23:54:36] 191559796
[28/03/2020 23:55:21] 1194631000
[28/03/2020 23:55:48] 4089478581
[28/03/2020 23:59:10] 1076770018
[28/03/2020 23:59:17] 2753268865
[29/03/2020 00:01:54] 3610040701
[29/03/2020 00:10:03] 3705252125
[29/03/2020 00:10:12] 1306060903
[29/03/2020 00:10:36] 1930764022
[29/03/2020 00:12:30] 2666375103
[29/03/2020 00:12:42] 3304637964
[29/03/2020 00:13:34] 3991584450
[29/03/2020 00:13:49] 1279665647
[29/03/2020 00:14:34] 3395657588
[29/03/2020 00:14:42] 2090052297
[29/03/2020 00:15:04] 1319528103
[29/03/2020 00:15:25] 2126629685
[29/03/2020 00:15:50] 1025384364
[29/03/2020 00:16:09] 2354419784
[29/03/2020 00:16:51] 1953606251
[29/03/2020 00:17:31] 2785991841
[29/03/2020 00:17:45] 3577428314
[29/03/2020 00:18:00] 2239799073
[29/03/2020 00:18:44] 1184449068
[29/03/2020 00:18:49] 3955316357
[29/03/2020 00:19:15] 2767030950
[29/03/2020 00:19:27] 2593761101
[29/03/2020 00:19:47] 1591525908
[29/03/2020 00:19:51] 3237820984
[29/03/2020 00:20:09] 979154064
[29/03/2020 00:20:14] 2342247327
[29/03/2020 00:20:25] 4001911064
[29/03/2020 00:20:28] 2410219734
[29/03/2020 00:20:34] 3231805970
[29/03/2020 00:20:41] 3215336832
[29/03/2020 00:20:47] 2225918791
[29/03/2020 00:21:10] 1683176292
[29/03/2020 00:21:28] 3020298668
[29/03/2020 00:21:41] 2621959385
[29/03/2020 00:21:48] 593446474
[29/03/2020 00:21:58] 1181790917
[29/03/2020 00:22:01] 1123427439
[29/03/2020 00:22:21] 3366911806
[29/03/2020 00:22:27] 568203386
[29/03/2020 00:23:22] 474295138
[29/03/2020 00:23:27] 2554671382
[29/03/2020 00:23:47] 3415084453
[29/03/2020 00:23:50] 1200256155
[29/03/2020 00:23:54] 2302452001
[29/03/2020 00:24:14] 504742951
[29/03/2020 00:25:03] 2713269843
[29/03/2020 00:25:09] 3571576565
[29/03/2020 00:25:24] 73026935
[29/03/2020 00:25:28] 2420909221
[29/03/2020 00:25:35] 3912705456
[29/03/2020 00:25:38] 4111746738
[29/03/2020 00:25:47] 980260870
[29/03/2020 00:26:15] 627629242
[29/03/2020 00:26:30] 3064110590
[29/03/2020 00:27:32] 23705780
[29/03/2020 00:33:56] 2824369271
[29/03/2020 00:34:11] 2054256872
[29/03/2020 00:34:14] 3790398781
[29/03/2020 00:34:51] 3779750357
[29/03/2020 00:35:00] 3258238503
[29/03/2020 00:35:15] 1672765444
[29/03/2020 00:35:44] 686961457
[29/03/2020 00:36:48] 3879042349
[29/03/2020 00:36:52] 2899722270
[29/03/2020 00:36:55] 1938357869
[29/03/2020 00:37:20] 1268460521
[29/03/2020 00:37:26] 2016531322
[29/03/2020 00:39:44] 186602609
[29/03/2020 00:39:52] 2286514216
[29/03/2020 00:39:57] 4129471750
[29/03/2020 00:40:11] 2473830651  !!select with hull not working!!
[29/03/2020 23:18:21] 4160331193
[29/03/2020 23:19:14] 2473830651
[29/03/2020 23:20:03] 2473830651
[29/03/2020 23:20:35] 2473830651
[29/03/2020 23:21:19] 2473830651
[29/03/2020 23:21:37] 2473830651
[29/03/2020 23:21:56] 2473830652
[29/03/2020 23:26:21] 2473830652
[29/03/2020 23:26:37] 2473830652
[29/03/2020 23:26:50] 2473830651
[29/03/2020 23:27:26] 2473830651
[29/03/2020 23:27:40] 2473830651
[29/03/2020 23:27:59] 2473830651
[29/03/2020 23:51:32] 2074756085
[29/03/2020 23:52:42] 955753048
[29/03/2020 23:55:13] 2531653648
[29/03/2020 23:56:19] 2814218847
[30/03/2020 00:36:59] 3794150270
[30/03/2020 00:37:18] 944699701
[30/03/2020 00:37:40] 1715871111
[30/03/2020 00:37:42] 1333921600
[30/03/2020 00:38:17] 1735224032
[30/03/2020 00:38:27] 1570679549
[30/03/2020 00:38:39] 2485647062
[30/03/2020 00:38:45] 243261309
[30/03/2020 00:38:55] 2040807726
[30/03/2020 00:39:57] 1094046322
[30/03/2020 00:40:00] 3135303003
[30/03/2020 00:40:38] 202758969
[30/03/2020 00:40:52] 953583480
[30/03/2020 00:41:03] 284086053
[30/03/2020 00:43:46] 1240783520
[30/03/2020 00:44:26] 2861230789
[30/03/2020 00:44:40] 211560145
[30/03/2020 00:46:32] 211560145
[30/03/2020 00:48:44] 211560145
[30/03/2020 00:50:06] 211560145
[30/03/2020 00:50:14] 211560145
[30/03/2020 00:51:19] 2055241626
[30/03/2020 00:51:26] 1850869013
[30/03/2020 00:51:31] 505972380
[30/03/2020 00:51:41] 4060178119
[30/03/2020 00:51:49] 2854182254
[30/03/2020 00:51:58] 2031510042
[30/03/2020 00:52:16] 70391616
[30/03/2020 00:52:35] 204792971
[30/03/2020 00:53:40] 242372044
[30/03/2020 00:54:12] 1373736171
[30/03/2020 00:54:27] 2139025847
[30/03/2020 00:54:35] 1693307174
[31/03/2020 13:44:46] 2338076873
[31/03/2020 13:46:21] 4184416432
[31/03/2020 13:46:57] 4014266798
[31/03/2020 13:46:59] 1929345519
[31/03/2020 13:48:52] 1627712666
[31/03/2020 13:50:17] 1046873282
[31/03/2020 13:50:42] 3959656856
[31/03/2020 13:51:04] 1086888002
[31/03/2020 13:51:22] 3894589070
[31/03/2020 13:51:54] 3709696616
[31/03/2020 13:52:02] 3983130961
[31/03/2020 13:52:16] 2934859944
[31/03/2020 13:53:19] 2700346934
[31/03/2020 13:53:43] 3800415520
[31/03/2020 13:54:49] 3009365930
[31/03/2020 13:55:01] 1998997700
[31/03/2020 13:55:35] 2424187065
[31/03/2020 13:55:47] 2685999254
[31/03/2020 13:55:56] 3957644461
[31/03/2020 13:56:54] 758237804
[31/03/2020 13:57:07] 2805449618
[31/03/2020 13:57:27] 2584906466
[31/03/2020 13:57:43] 1043715184
[31/03/2020 13:58:13] 3536882785
[31/03/2020 13:58:35] 3529496228
[31/03/2020 13:59:01] 4141591755
[31/03/2020 14:00:01] 4118165084
[31/03/2020 14:00:20] 4123223329
[31/03/2020 14:01:19] 2947128171
[31/03/2020 14:02:37] 2111981204
[01/04/2020 15:01:49] 3141820190
[01/04/2020 15:02:49] 344980298
[01/04/2020 15:05:03] 3485174585
[01/04/2020 15:06:16] 3118302311
[01/04/2020 15:06:56] 146695313
[01/04/2020 15:07:22] 1681691966
[01/04/2020 15:07:38] 1777186888
[01/04/2020 15:08:00] 1642165828
[01/04/2020 15:08:17] 4173651595
[01/04/2020 15:09:04] 1803369189
[01/04/2020 15:09:17] 3915799396
[01/04/2020 15:09:48] 800368822
[01/04/2020 15:10:34] 2807643959
[01/04/2020 15:10:51] 3180922600
[01/04/2020 15:11:55] 3812841723
[01/04/2020 15:12:16] 3440511722
[01/04/2020 15:13:16] 2739116991
[01/04/2020 15:13:53] 2155540660
[01/04/2020 15:14:26] 2826382061
[01/04/2020 15:14:36] 708107836
[01/04/2020 15:15:29] 3372694929
[01/04/2020 15:15:38] 1763322452
[01/04/2020 15:16:02] 3788427808
[01/04/2020 15:16:37] 2705111608
[01/04/2020 15:16:48] 1095616644
[03/04/2020 22:20:27] 3202545745
[03/04/2020 22:25:58] 2348565058
[03/04/2020 22:26:11] 345424925
[03/04/2020 22:42:07] 3301866701
[03/04/2020 22:42:35] 3936602003
[03/04/2020 22:42:52] 250604060
[03/04/2020 22:44:55] 2306567421
[03/04/2020 22:48:03] 1553494424
[03/04/2020 22:49:31] 2310339996
[03/04/2020 22:51:20] 2290530957
[03/04/2020 22:53:00] 1025990665
[03/04/2020 22:54:56] 3674290398
[03/04/2020 22:55:14] 180668849
[03/04/2020 23:06:11] 1573158853
[03/04/2020 23:06:48] 1847447307
[03/04/2020 23:07:46] 326297323
[03/04/2020 23:08:18] 326297323
[03/04/2020 23:09:22] 326297323
[03/04/2020 23:11:27] 326297323
[03/04/2020 23:12:09] 326297323
[03/04/2020 23:13:26] 326297323
[03/04/2020 23:13:59] 326297323
[03/04/2020 23:23:08] 326297323
[03/04/2020 23:25:52] 326297323
[03/04/2020 23:27:14] 326297323
[03/04/2020 23:27:47] 326297323
[03/04/2020 23:28:31] 326297323
[03/04/2020 23:28:47] 326297323
[03/04/2020 23:29:18] 326297323
[03/04/2020 23:31:14] 326297323
[03/04/2020 23:32:06] 326297323
[03/04/2020 23:32:46] 326297323
[03/04/2020 23:34:21] 326297323
[03/04/2020 23:36:01] 326297323
[03/04/2020 23:39:36] 326297323
[03/04/2020 23:47:01] 326297323
[03/04/2020 23:54:05] 326297323
[03/04/2020 23:59:16] 326297323
[03/04/2020 23:59:58] 326297323
[04/04/2020 00:00:35] 326297323
[04/04/2020 00:01:51] 326297323
[04/04/2020 00:02:24] 326297323
[04/04/2020 00:03:44] 326297323
[04/04/2020 00:05:16] 326297323
[04/04/2020 00:05:55] 326297323
[04/04/2020 00:07:29] 326297323
[04/04/2020 00:09:18] 326297323
[04/04/2020 00:15:48] 326297323
[04/04/2020 00:16:21] 326297323
[04/04/2020 00:16:27] 326297323
[04/04/2020 00:16:36] 326297323
[04/04/2020 00:16:40] 326297323
[04/04/2020 00:17:46] 326297323
[04/04/2020 00:21:56] 326297323
[04/04/2020 00:22:16] 326297323
[04/04/2020 00:22:49] 326297323
[04/04/2020 00:23:44] 326297323
[04/04/2020 00:26:09] 326297323
[04/04/2020 00:37:43] 326297323
[04/04/2020 00:41:10] 326297323
[04/04/2020 01:02:40] 326297323
[04/04/2020 01:03:27] 326297323
[04/04/2020 01:04:06] 326297323
[04/04/2020 01:15:08] 326297323
[04/04/2020 01:15:29] 326297323
[04/04/2020 01:18:40] 326297323
[05/04/2020 15:50:09] 326297323
[05/04/2020 15:54:13] 326297323
[05/04/2020 15:56:13] 326297323
[05/04/2020 15:56:22] 326297323
[05/04/2020 15:58:08] 326297323
[05/04/2020 15:58:57] 326297323
[05/04/2020 15:59:38] 326297323
[05/04/2020 15:59:47] 326297323
[05/04/2020 16:00:05] 326297323
[05/04/2020 16:01:27] 326297323
[05/04/2020 16:01:41] 326297323
[05/04/2020 16:02:21] 326297323
[05/04/2020 16:02:51] 326297323
[05/04/2020 16:04:59] 326297323
[05/04/2020 16:05:48] 326297323
[05/04/2020 16:09:27] 326297323
[05/04/2020 16:11:55] 326297323
[05/04/2020 16:12:17] 326297323
[05/04/2020 16:12:43] 326297323
[05/04/2020 16:13:32] 326297323
[05/04/2020 16:14:27] 326297323
[05/04/2020 16:15:56] 326297323
[05/04/2020 16:19:51] 326297323
[05/04/2020 16:31:24] 326297323
[05/04/2020 16:38:22] 326297323
[05/04/2020 16:41:26] 326297323
[05/04/2020 16:41:38] 326297323
[05/04/2020 16:43:01] 326297323
[05/04/2020 16:43:10] 326297323
[05/04/2020 16:43:25] 326297323
[05/04/2020 16:45:58] 326297323
[05/04/2020 16:46:43] 326297323
[05/04/2020 16:47:33] 326297323
[05/04/2020 16:47:56] 326297323
[05/04/2020 16:48:46] 326297323
[05/04/2020 16:49:07] 326297323
[05/04/2020 22:25:42] 326297323
[05/04/2020 22:28:15] 326297323
[05/04/2020 22:35:04] 326297323
[05/04/2020 22:35:36] 326297323
[05/04/2020 22:37:54] 326297323
[05/04/2020 22:38:40] 326297323
[05/04/2020 22:39:14] 326297323
[05/04/2020 22:39:24] 326297323
[05/04/2020 22:39:37] 326297323
[05/04/2020 22:40:58] 326297323
[05/04/2020 22:41:11] 326297323
[05/04/2020 22:49:45] 326297323
[05/04/2020 22:49:59] 326297323
[05/04/2020 22:51:09] 326297323
[05/04/2020 22:51:22] 326297323
[05/04/2020 22:51:33] 326297323
[05/04/2020 22:52:04] 326297323
[05/04/2020 22:52:15] 1779717214
[05/04/2020 22:52:30] 2163932925
[05/04/2020 22:52:35] 411040894
[05/04/2020 22:54:00] 407212704
[05/04/2020 22:54:19] 3274241541
[05/04/2020 22:54:26] 76540264
[05/04/2020 22:54:31] 1742759118
[05/04/2020 22:54:41] 838491805
[05/04/2020 22:54:59] 887880834
[05/04/2020 22:55:02] 3454183991
[05/04/2020 22:55:06] 3721909976
[05/04/2020 22:55:33] 3027629610
[05/04/2020 22:55:34] 1659575981
[05/04/2020 22:56:03] 3877677989
[05/04/2020 22:56:10] 1595819036
[05/04/2020 22:57:03] 3353184179
[05/04/2020 22:57:07] 2484634998
[05/04/2020 22:57:12] 1804268805
[05/04/2020 22:57:22] 211560145
[05/04/2020 22:57:25] 211560145
[05/04/2020 22:57:25] 211560145
[05/04/2020 22:57:26] 211560145
[05/04/2020 22:57:26] 211560145
[05/04/2020 22:57:40] 211560145
[05/04/2020 22:58:18] 211560145
[05/04/2020 22:59:01] 211560145
[05/04/2020 22:59:09] 211560145
[05/04/2020 22:59:26] 211560145
[05/04/2020 23:00:10] 211560145
[05/04/2020 23:00:24] 211560145
[05/04/2020 23:00:29] 211560145
[05/04/2020 23:00:37] 211560145 !! Bel seed (lemans)!!
[05/04/2020 23:00:59] 211560145
[05/04/2020 23:01:15] 211560145
[05/04/2020 23:34:31] 2113816030928129700
[05/04/2020 23:35:02] 7302873246463331395
[05/04/2020 23:35:31] 5710723429663579097
[05/04/2020 23:41:36] 8086398478872688501
[06/04/2020 00:06:09] 6357020823406429940
[06/04/2020 16:52:16] 623750503210296966
[06/04/2020 16:52:36] 5
[06/04/2020 16:52:40] 5
[06/04/2020 17:04:38] 103911756136292983
[06/04/2020 17:04:38] 103911756136292983
[06/04/2020 17:04:38] 103911756136292983
[06/04/2020 17:04:38] 103911756136292983
[06/04/2020 17:04:38] 103911756136292983
[06/04/2020 17:04:38] 103911756136292983
[06/04/2020 17:04:38] 103911756136292983
[06/04/2020 17:04:38] 103911756136292983
[06/04/2020 17:04:38] 103911756136292983
[06/04/2020 17:04:39] 103911756136292983
[06/04/2020 17:04:39] 103911756136292983
[06/04/2020 17:04:39] 103911756136292983
[06/04/2020 17:04:39] 103911756136292983
[06/04/2020 17:04:39] 103911756136292983
[06/04/2020 17:04:39] 103911756136292983
[06/04/2020 17:04:39] 103911756136292983
[06/04/2020 17:04:39] 103911756136292983
[06/04/2020 17:04:39] 103911756136292983
[06/04/2020 17:04:39] 103911756136292983
[06/04/2020 17:04:39] 103911756136292983
[06/04/2020 17:04:39] 103911756136292983
[06/04/2020 17:04:39] 103911756136292983
[06/04/2020 17:04:39] 103911756136292983
[06/04/2020 17:04:39] 103911756136292983
[06/04/2020 17:04:40] 103911756136292983
[06/04/2020 17:04:40] 103911756136292983
[06/04/2020 17:04:40] 103911756136292983
[06/04/2020 17:04:40] 103911756136292983
[06/04/2020 17:04:40] 103911756136292983
[06/04/2020 17:04:40] 103911756136292983
[06/04/2020 17:04:40] 103911756136292983
[06/04/2020 17:04:40] 103911756136292983
[06/04/2020 17:04:40] 103911756136292983
[06/04/2020 17:04:40] 103911756136292983
[06/04/2020 17:04:40] 103911756136292983
[06/04/2020 17:04:40] 103911756136292983
[06/04/2020 17:04:40] 103911756136292983
[06/04/2020 17:04:40] 103911756136292983
[06/04/2020 17:04:41] 103911756136292983
[06/04/2020 17:04:41] 103911756136292983
[06/04/2020 17:04:41] 103911756136292983
[06/04/2020 17:04:41] 103911756136292983
[06/04/2020 17:04:41] 103911756136292983
[06/04/2020 17:04:41] 103911756136292983
[06/04/2020 17:04:41] 103911756136292983
[06/04/2020 17:04:41] 103911756136292983
[06/04/2020 17:04:41] 103911756136292983
[06/04/2020 17:04:41] 103911756136292983
[06/04/2020 17:04:41] 103911756136292983
[06/04/2020 17:04:41] 103911756136292983
[06/04/2020 17:04:41] 103911756136292983
[06/04/2020 17:04:41] 103911756136292983
[06/04/2020 17:04:41] 103911756136292983
[06/04/2020 17:04:42] 103911756136292983
[06/04/2020 17:04:42] 103911756136292983
[06/04/2020 17:04:42] 103911756136292983
[06/04/2020 17:04:42] 103911756136292983
[06/04/2020 17:04:42] 103911756136292983
[06/04/2020 17:04:42] 103911756136292983
[06/04/2020 17:04:42] 103911756136292983
[06/04/2020 17:04:42] 103911756136292983
[06/04/2020 17:04:42] 103911756136292983
[06/04/2020 17:04:42] 103911756136292983
[06/04/2020 17:04:42] 103911756136292983
[06/04/2020 17:04:42] 103911756136292983
[06/04/2020 17:04:42] 103911756136292983
[06/04/2020 17:04:42] 103911756136292983
[06/04/2020 17:04:43] 103911756136292983
[06/04/2020 17:04:43] 103911756136292983
[06/04/2020 17:04:43] 103911756136292983
[06/04/2020 17:04:43] 103911756136292983
[06/04/2020 17:04:43] 103911756136292983
[06/04/2020 17:04:43] 103911756136292983
[06/04/2020 17:04:43] 103911756136292983
[06/04/2020 17:04:43] 103911756136292983
[06/04/2020 17:04:43] 103911756136292983
[06/04/2020 17:04:43] 103911756136292983
[06/04/2020 17:04:43] 103911756136292983
[06/04/2020 17:04:43] 103911756136292983
[06/04/2020 17:04:43] 103911756136292983
[06/04/2020 17:04:43] 103911756136292983
[06/04/2020 17:04:43] 103911756136292983
[06/04/2020 17:04:44] 103911756136292983
[06/04/2020 17:04:44] 103911756136292983
[06/04/2020 17:04:44] 103911756136292983
[06/04/2020 17:04:44] 103911756136292983
[06/04/2020 17:04:44] 103911756136292983
[06/04/2020 17:04:44] 103911756136292983
[06/04/2020 17:04:44] 103911756136292983
[06/04/2020 17:04:44] 103911756136292983
[06/04/2020 17:04:44] 103911756136292983
[06/04/2020 17:04:44] 103911756136292983
[06/04/2020 17:04:44] 103911756136292983
[06/04/2020 17:04:44] 103911756136292983
[06/04/2020 17:04:44] 103911756136292983
[06/04/2020 17:04:44] 103911756136292983
[06/04/2020 17:04:45] 103911756136292983
[06/04/2020 17:04:45] 103911756136292983
[06/04/2020 17:04:45] 103911756136292983
[06/04/2020 17:04:45] 103911756136292983
[06/04/2020 17:04:45] 103911756136292983
[06/04/2020 17:04:45] 103911756136292983
[06/04/2020 17:04:45] 103911756136292983
[06/04/2020 17:04:45] 103911756136292983
[06/04/2020 17:04:45] 103911756136292983
[06/04/2020 17:04:45] 103911756136292983
[06/04/2020 17:04:45] 103911756136292983
[06/04/2020 17:04:45] 103911756136292983
[06/04/2020 17:04:45] 103911756136292983
[06/04/2020 17:04:45] 103911756136292983
[06/04/2020 17:04:46] 103911756136292983
[06/04/2020 17:04:46] 103911756136292983
[06/04/2020 17:04:46] 103911756136292983
[06/04/2020 17:04:46] 103911756136292983
[06/04/2020 17:04:46] 103911756136292983
[06/04/2020 17:04:46] 103911756136292983
[06/04/2020 17:04:46] 103911756136292983
[06/04/2020 17:04:46] 103911756136292983
[06/04/2020 17:04:46] 103911756136292983
[06/04/2020 17:04:46] 103911756136292983
[06/04/2020 17:04:52] 4868037308898975150
[06/04/2020 17:04:52] 4868037308898975150
[06/04/2020 17:04:52] 4868037308898975150
[06/04/2020 17:04:52] 4868037308898975150
[06/04/2020 17:04:52] 4868037308898975150
[06/04/2020 17:04:52] 4868037308898975150
[06/04/2020 17:04:52] 4868037308898975150
[06/04/2020 17:04:52] 4868037308898975150
[06/04/2020 17:04:52] 4868037308898975150
[06/04/2020 17:04:52] 4868037308898975150
[06/04/2020 17:04:52] 4868037308898975150
[06/04/2020 17:04:52] 4868037308898975150
[06/04/2020 17:04:52] 4868037308898975150
[06/04/2020 17:04:52] 4868037308898975150
[06/04/2020 17:04:52] 4868037308898975150
[06/04/2020 17:04:53] 4868037308898975150
[06/04/2020 17:04:53] 4868037308898975150
[06/04/2020 17:04:53] 4868037308898975150
[06/04/2020 17:04:53] 4868037308898975150
[06/04/2020 17:04:53] 4868037308898975150
[06/04/2020 17:04:53] 4868037308898975150
[06/04/2020 17:04:53] 4868037308898975150
[06/04/2020 17:04:53] 4868037308898975150
[06/04/2020 17:04:53] 4868037308898975150
[06/04/2020 17:04:53] 4868037308898975150
[06/04/2020 17:04:53] 4868037308898975150
[06/04/2020 17:04:53] 4868037308898975150
[06/04/2020 17:04:53] 4868037308898975150
[06/04/2020 17:04:53] 4868037308898975150
[06/04/2020 17:04:53] 4868037308898975150
[06/04/2020 17:04:53] 4868037308898975150
[06/04/2020 17:04:53] 4868037308898975150
[06/04/2020 17:04:53] 4868037308898975150
[06/04/2020 17:04:54] 4868037308898975150
[06/04/2020 17:04:54] 4868037308898975150
[06/04/2020 17:04:54] 4868037308898975150
[06/04/2020 17:04:54] 4868037308898975150
[06/04/2020 17:04:54] 4868037308898975150
[06/04/2020 17:04:54] 4868037308898975150
[06/04/2020 17:04:54] 4868037308898975150
[06/04/2020 17:04:54] 4868037308898975150
[06/04/2020 17:04:54] 4868037308898975150
[06/04/2020 17:04:54] 4868037308898975150
[06/04/2020 17:04:54] 4868037308898975150
[06/04/2020 17:04:54] 4868037308898975150
[06/04/2020 17:04:54] 4868037308898975150
[06/04/2020 17:04:54] 4868037308898975150
[06/04/2020 17:04:54] 4868037308898975150
[06/04/2020 17:04:54] 4868037308898975150
[06/04/2020 17:04:54] 4868037308898975150
[06/04/2020 17:04:54] 4868037308898975150
[06/04/2020 17:04:55] 4868037308898975150
[06/04/2020 17:04:55] 4868037308898975150
[06/04/2020 17:04:55] 4868037308898975150
[06/04/2020 17:04:55] 4868037308898975150
[06/04/2020 17:04:55] 4868037308898975150
[06/04/2020 17:04:55] 4868037308898975150
[06/04/2020 17:04:55] 4868037308898975150
[06/04/2020 17:04:55] 4868037308898975150
[06/04/2020 17:04:55] 4868037308898975150
[06/04/2020 17:04:55] 4868037308898975150
[06/04/2020 17:04:55] 4868037308898975150
[06/04/2020 17:04:55] 4868037308898975150
[06/04/2020 17:04:55] 4868037308898975150
[06/04/2020 17:04:55] 4868037308898975150
[06/04/2020 17:04:55] 4868037308898975150
[06/04/2020 17:04:55] 4868037308898975150
[06/04/2020 17:04:55] 4868037308898975150
[06/04/2020 17:04:56] 4868037308898975150
[06/04/2020 17:04:56] 4868037308898975150
[06/04/2020 17:04:56] 4868037308898975150
[06/04/2020 17:04:56] 4868037308898975150
[06/04/2020 17:04:56] 4868037308898975150
[06/04/2020 17:04:56] 4868037308898975150
[06/04/2020 17:04:56] 4868037308898975150
[06/04/2020 17:04:56] 4868037308898975150
[06/04/2020 17:04:56] 4868037308898975150
[06/04/2020 17:04:56] 4868037308898975150
[06/04/2020 17:04:56] 4868037308898975150
[06/04/2020 17:04:56] 4868037308898975150
[06/04/2020 17:04:56] 4868037308898975150
[06/04/2020 17:04:56] 4868037308898975150
[06/04/2020 17:04:56] 4868037308898975150
[06/04/2020 17:04:56] 4868037308898975150
[06/04/2020 17:04:56] 4868037308898975150
[06/04/2020 17:04:56] 4868037308898975150
[06/04/2020 17:04:57] 4868037308898975150
[06/04/2020 17:04:57] 4868037308898975150
[06/04/2020 17:04:57] 4868037308898975150
[06/04/2020 17:04:57] 4868037308898975150
[06/04/2020 17:04:57] 4868037308898975150
[06/04/2020 17:04:57] 4868037308898975150
[06/04/2020 17:04:57] 4868037308898975150
[06/04/2020 17:04:57] 4868037308898975150
[06/04/2020 17:04:57] 4868037308898975150
[06/04/2020 17:04:57] 4868037308898975150
[06/04/2020 17:04:57] 4868037308898975150
[06/04/2020 17:04:57] 4868037308898975150
[06/04/2020 17:04:57] 4868037308898975150
[06/04/2020 17:04:57] 4868037308898975150
[06/04/2020 17:04:57] 4868037308898975150
[06/04/2020 17:04:57] 4868037308898975150
[06/04/2020 17:04:57] 4868037308898975150
[06/04/2020 17:04:57] 4868037308898975150
[06/04/2020 17:04:58] 4868037308898975150
[06/04/2020 17:04:58] 4868037308898975150
[06/04/2020 17:04:58] 4868037308898975150
[06/04/2020 17:04:58] 4868037308898975150
[06/04/2020 17:04:58] 4868037308898975150
[06/04/2020 17:04:58] 4868037308898975150
[06/04/2020 17:04:58] 4868037308898975150
[06/04/2020 17:04:58] 4868037308898975150
[06/04/2020 17:04:58] 4868037308898975150
[06/04/2020 17:04:58] 4868037308898975150
[06/04/2020 17:04:58] 4868037308898975150
[06/04/2020 17:04:58] 4868037308898975150
[06/04/2020 17:04:58] 4868037308898975150
[06/04/2020 17:04:58] 4868037308898975150
[06/04/2020 17:04:58] 4868037308898975150
[06/04/2020 17:04:58] 4868037308898975150
[06/04/2020 17:04:58] 4868037308898975150
[06/04/2020 17:04:59] 4868037308898975150
[06/04/2020 17:04:59] 4868037308898975150
[06/04/2020 17:04:59] 4868037308898975150
[06/04/2020 17:04:59] 4868037308898975150
[06/04/2020 17:04:59] 4868037308898975150
[06/04/2020 17:04:59] 4868037308898975150
[06/04/2020 17:04:59] 4868037308898975150
[06/04/2020 17:04:59] 4868037308898975150
[06/04/2020 17:04:59] 4868037308898975150
[06/04/2020 17:04:59] 4868037308898975150
[06/04/2020 17:04:59] 4868037308898975150
[06/04/2020 17:04:59] 4868037308898975150
[06/04/2020 17:04:59] 4868037308898975150
[06/04/2020 17:04:59] 4868037308898975150
[06/04/2020 17:04:59] 4868037308898975150
[06/04/2020 17:04:59] 4868037308898975150
[06/04/2020 17:04:59] 4868037308898975150
[06/04/2020 17:04:59] 4868037308898975150
[06/04/2020 17:05:00] 4868037308898975150
[06/04/2020 17:05:00] 4868037308898975150
[06/04/2020 17:05:00] 4868037308898975150
[06/04/2020 17:05:06] 7923877155380856482
[06/04/2020 17:05:06] 7923877155380856482
[06/04/2020 17:05:06] 7923877155380856482
[06/04/2020 17:05:06] 7923877155380856482
[06/04/2020 17:05:06] 7923877155380856482
[06/04/2020 17:05:06] 7923877155380856482
[06/04/2020 17:05:06] 7923877155380856482
[06/04/2020 17:05:06] 7923877155380856482
[06/04/2020 17:05:06] 7923877155380856482
[06/04/2020 17:05:06] 7923877155380856482
[06/04/2020 17:05:07] 7923877155380856482
[06/04/2020 17:05:07] 7923877155380856482
[06/04/2020 17:05:07] 7923877155380856482
[06/04/2020 17:05:07] 7923877155380856482
[06/04/2020 17:05:07] 7923877155380856482
[06/04/2020 17:05:07] 7923877155380856482
[06/04/2020 17:05:07] 7923877155380856482
[06/04/2020 17:05:07] 7923877155380856482
[06/04/2020 17:05:07] 7923877155380856482
[06/04/2020 17:05:07] 7923877155380856482
[06/04/2020 17:05:07] 7923877155380856482
[06/04/2020 17:05:07] 7923877155380856482
[06/04/2020 17:05:07] 7923877155380856482
[06/04/2020 17:05:07] 7923877155380856482
[06/04/2020 17:05:08] 7923877155380856482
[06/04/2020 17:05:08] 7923877155380856482
[06/04/2020 17:05:08] 7923877155380856482
[06/04/2020 17:05:08] 7923877155380856482
[06/04/2020 17:05:08] 7923877155380856482
[06/04/2020 17:05:08] 7923877155380856482
[06/04/2020 17:05:08] 7923877155380856482
[06/04/2020 17:05:08] 7923877155380856482
[06/04/2020 17:05:08] 7923877155380856482
[06/04/2020 17:05:08] 7923877155380856482
[06/04/2020 17:05:08] 7923877155380856482
[06/04/2020 17:05:08] 7923877155380856482
[06/04/2020 17:05:08] 7923877155380856482
[06/04/2020 17:05:08] 7923877155380856482
[06/04/2020 17:05:08] 7923877155380856482
[06/04/2020 17:05:09] 7923877155380856482
[06/04/2020 17:05:09] 7923877155380856482
[06/04/2020 17:05:09] 7923877155380856482
[06/04/2020 17:05:09] 7923877155380856482
[06/04/2020 17:05:09] 7923877155380856482
[06/04/2020 17:05:09] 7923877155380856482
[06/04/2020 17:05:09] 7923877155380856482
[06/04/2020 17:05:09] 7923877155380856482
[06/04/2020 17:05:09] 7923877155380856482
[06/04/2020 17:05:09] 7923877155380856482
[06/04/2020 17:05:09] 7923877155380856482
[06/04/2020 17:05:09] 7923877155380856482
[06/04/2020 17:05:09] 7923877155380856482
[06/04/2020 17:05:09] 7923877155380856482
[06/04/2020 17:05:09] 7923877155380856482
[06/04/2020 17:05:10] 7923877155380856482
[06/04/2020 17:05:10] 7923877155380856482
[06/04/2020 17:05:10] 7923877155380856482
[06/04/2020 17:05:10] 7923877155380856482
[06/04/2020 17:05:10] 7923877155380856482
[06/04/2020 17:05:10] 7923877155380856482
[06/04/2020 17:05:10] 7923877155380856482
[06/04/2020 17:05:10] 7923877155380856482
[06/04/2020 17:05:10] 7923877155380856482
[06/04/2020 17:05:10] 7923877155380856482
[06/04/2020 17:05:10] 7923877155380856482
[06/04/2020 17:05:10] 7923877155380856482
[06/04/2020 17:05:10] 7923877155380856482
[06/04/2020 17:05:10] 7923877155380856482
[06/04/2020 17:05:10] 7923877155380856482
[06/04/2020 17:05:11] 7923877155380856482
[06/04/2020 17:05:11] 7923877155380856482
[06/04/2020 17:05:11] 7923877155380856482
[06/04/2020 17:05:11] 7923877155380856482
[06/04/2020 17:05:11] 7923877155380856482
[06/04/2020 17:05:11] 7923877155380856482
[06/04/2020 17:05:11] 7923877155380856482
[06/04/2020 17:05:11] 7923877155380856482
[06/04/2020 17:05:11] 7923877155380856482
[06/04/2020 17:05:11] 7923877155380856482
[06/04/2020 17:05:11] 7923877155380856482
[06/04/2020 17:05:11] 7923877155380856482
[06/04/2020 17:05:11] 7923877155380856482
[06/04/2020 17:05:11] 7923877155380856482
[06/04/2020 17:05:12] 7923877155380856482
[06/04/2020 17:05:12] 7923877155380856482
[06/04/2020 17:05:12] 7923877155380856482
[06/04/2020 17:05:12] 7923877155380856482
[06/04/2020 17:05:12] 7923877155380856482
[06/04/2020 17:05:12] 7923877155380856482
[06/04/2020 17:05:12] 7923877155380856482
[06/04/2020 17:05:12] 7923877155380856482
[06/04/2020 17:05:12] 7923877155380856482
[06/04/2020 17:05:12] 7923877155380856482
[06/04/2020 17:05:12] 7923877155380856482
[06/04/2020 17:05:12] 7923877155380856482
[06/04/2020 17:05:12] 7923877155380856482
[06/04/2020 17:05:12] 7923877155380856482
[06/04/2020 17:05:12] 7923877155380856482
[06/04/2020 17:05:13] 7923877155380856482
[06/04/2020 17:05:13] 7923877155380856482
[06/04/2020 17:05:13] 7923877155380856482
[06/04/2020 17:05:13] 7923877155380856482
[06/04/2020 17:05:13] 7923877155380856482
[06/04/2020 17:05:13] 7923877155380856482
[06/04/2020 17:05:13] 7923877155380856482
[06/04/2020 17:05:13] 7923877155380856482
[06/04/2020 17:05:13] 7923877155380856482
[06/04/2020 17:05:13] 7923877155380856482
[06/04/2020 17:05:13] 7923877155380856482
[06/04/2020 17:05:13] 7923877155380856482
[06/04/2020 17:05:13] 7923877155380856482
[06/04/2020 17:05:13] 7923877155380856482
[06/04/2020 17:05:13] 7923877155380856482
[06/04/2020 17:05:14] 7923877155380856482
[06/04/2020 17:05:14] 7923877155380856482
[06/04/2020 17:05:14] 7923877155380856482
[06/04/2020 17:05:14] 7923877155380856482
[06/04/2020 17:05:14] 7923877155380856482
[06/04/2020 17:05:14] 7923877155380856482
[06/04/2020 17:05:14] 7923877155380856482
[06/04/2020 17:05:14] 7923877155380856482
[06/04/2020 17:05:14] 7923877155380856482
[06/04/2020 17:05:14] 7923877155380856482
[06/04/2020 17:05:14] 7923877155380856482
[06/04/2020 17:05:14] 7923877155380856482
[06/04/2020 17:05:14] 7923877155380856482
[06/04/2020 17:05:14] 7923877155380856482
[06/04/2020 17:05:14] 7923877155380856482
[06/04/2020 17:05:15] 7923877155380856482
[06/04/2020 17:05:15] 7923877155380856482
[06/04/2020 17:05:15] 7923877155380856482
[06/04/2020 17:05:15] 7923877155380856482
[06/04/2020 17:05:15] 7923877155380856482
[06/04/2020 17:05:15] 7923877155380856482
[06/04/2020 17:05:15] 7923877155380856482
[06/04/2020 17:05:15] 7923877155380856482
[06/04/2020 17:05:15] 7923877155380856482
[06/04/2020 17:05:15] 7923877155380856482
[06/04/2020 17:05:15] 7923877155380856482
[06/04/2020 17:05:15] 7923877155380856482
[06/04/2020 17:05:15] 7923877155380856482
[06/04/2020 17:05:15] 7923877155380856482
[06/04/2020 17:05:15] 7923877155380856482
[06/04/2020 17:05:16] 7923877155380856482
[06/04/2020 17:05:16] 7923877155380856482
[06/04/2020 17:05:16] 7923877155380856482
[06/04/2020 17:05:16] 7923877155380856482
[06/04/2020 17:05:16] 7923877155380856482
[06/04/2020 17:05:16] 7923877155380856482
[06/04/2020 17:05:16] 7923877155380856482
[06/04/2020 17:05:16] 7923877155380856482
[06/04/2020 17:05:16] 7923877155380856482
[06/04/2020 17:05:16] 7923877155380856482
[06/04/2020 17:05:16] 7923877155380856482
[06/04/2020 17:05:16] 7923877155380856482
[06/04/2020 17:05:16] 7923877155380856482
[06/04/2020 17:05:16] 7923877155380856482
[06/04/2020 17:05:16] 7923877155380856482
[06/04/2020 17:05:17] 7923877155380856482
[06/04/2020 17:05:17] 7923877155380856482
[06/04/2020 17:05:17] 7923877155380856482
[06/04/2020 17:05:17] 7923877155380856482
[06/04/2020 17:05:17] 7923877155380856482
[06/04/2020 17:05:17] 7923877155380856482
[06/04/2020 17:05:17] 7923877155380856482
[06/04/2020 17:05:17] 7923877155380856482
[06/04/2020 17:05:17] 7923877155380856482
[06/04/2020 17:05:17] 7923877155380856482
[06/04/2020 17:05:17] 7923877155380856482
[06/04/2020 17:05:17] 7923877155380856482
[06/04/2020 17:05:17] 7923877155380856482
[06/04/2020 17:05:17] 7923877155380856482
[06/04/2020 17:05:17] 7923877155380856482
[06/04/2020 17:05:18] 7923877155380856482
[06/04/2020 17:05:18] 7923877155380856482
[06/04/2020 17:05:18] 7923877155380856482
[06/04/2020 17:05:18] 7923877155380856482
[06/04/2020 17:05:18] 7923877155380856482
[06/04/2020 17:05:18] 7923877155380856482
[06/04/2020 17:05:18] 7923877155380856482
[06/04/2020 17:05:18] 7923877155380856482
[06/04/2020 17:05:18] 7923877155380856482
[06/04/2020 17:05:18] 7923877155380856482
[06/04/2020 17:05:18] 7923877155380856482
[06/04/2020 17:05:18] 7923877155380856482
[06/04/2020 17:05:18] 7923877155380856482
[06/04/2020 17:05:18] 7923877155380856482
[06/04/2020 17:05:18] 7923877155380856482
[06/04/2020 17:05:19] 7923877155380856482
[06/04/2020 17:05:19] 7923877155380856482
[06/04/2020 17:05:19] 7923877155380856482
[06/04/2020 17:05:19] 7923877155380856482
[06/04/2020 17:05:19] 7923877155380856482
[06/04/2020 17:05:19] 7923877155380856482
[06/04/2020 17:05:19] 7923877155380856482
[06/04/2020 17:05:19] 7923877155380856482
[06/04/2020 17:05:19] 7923877155380856482
[06/04/2020 17:05:19] 7923877155380856482
[06/04/2020 17:05:19] 7923877155380856482
[06/04/2020 17:05:19] 7923877155380856482
[06/04/2020 17:05:19] 7923877155380856482
[06/04/2020 17:05:19] 7923877155380856482
[06/04/2020 17:05:19] 7923877155380856482
[06/04/2020 17:05:20] 7923877155380856482
[06/04/2020 17:05:20] 7923877155380856482
[06/04/2020 17:05:20] 7923877155380856482
[06/04/2020 17:05:20] 7923877155380856482
[06/04/2020 17:05:20] 7923877155380856482
[06/04/2020 17:05:20] 7923877155380856482
[06/04/2020 17:05:20] 7923877155380856482
[06/04/2020 17:05:20] 7923877155380856482
[06/04/2020 17:05:20] 7923877155380856482
[06/04/2020 17:05:20] 7923877155380856482
[06/04/2020 17:05:20] 7923877155380856482
[06/04/2020 17:05:20] 7923877155380856482
[06/04/2020 17:05:20] 7923877155380856482
[06/04/2020 17:05:20] 7923877155380856482
[06/04/2020 17:05:21] 7923877155380856482
[06/04/2020 17:05:21] 7923877155380856482
[06/04/2020 17:05:21] 7923877155380856482
[06/04/2020 17:05:21] 7923877155380856482
[06/04/2020 17:05:21] 7923877155380856482
[06/04/2020 17:05:21] 7923877155380856482
[06/04/2020 17:05:21] 7923877155380856482
[06/04/2020 17:05:21] 7923877155380856482
[06/04/2020 17:05:21] 7923877155380856482
[06/04/2020 17:05:21] 7923877155380856482
[06/04/2020 17:05:21] 7923877155380856482
[06/04/2020 17:05:21] 7923877155380856482
[06/04/2020 17:05:21] 7923877155380856482
[06/04/2020 17:05:21] 7923877155380856482
[06/04/2020 17:05:21] 7923877155380856482
[06/04/2020 17:05:22] 7923877155380856482
[06/04/2020 17:05:22] 7923877155380856482
[06/04/2020 17:05:22] 7923877155380856482
[06/04/2020 17:05:22] 7923877155380856482
[06/04/2020 17:05:22] 7923877155380856482
[06/04/2020 17:05:22] 7923877155380856482
[06/04/2020 17:05:22] 7923877155380856482
[06/04/2020 17:05:22] 7923877155380856482
[06/04/2020 17:05:22] 7923877155380856482
[06/04/2020 17:05:22] 7923877155380856482
[06/04/2020 17:05:22] 7923877155380856482
[06/04/2020 17:05:22] 7923877155380856482
[06/04/2020 17:05:22] 7923877155380856482
[06/04/2020 17:05:22] 7923877155380856482
[06/04/2020 17:05:22] 7923877155380856482
[06/04/2020 17:05:23] 7923877155380856482
[06/04/2020 17:05:23] 7923877155380856482
[06/04/2020 17:05:23] 7923877155380856482
[06/04/2020 17:05:23] 7923877155380856482
[06/04/2020 17:05:23] 7923877155380856482
[06/04/2020 17:05:23] 7923877155380856482
[06/04/2020 17:05:23] 7923877155380856482
[06/04/2020 17:05:23] 7923877155380856482
[06/04/2020 17:05:23] 7923877155380856482
[06/04/2020 17:05:23] 7923877155380856482
[06/04/2020 17:05:23] 7923877155380856482
[06/04/2020 17:05:23] 7923877155380856482
[06/04/2020 17:05:23] 7923877155380856482
[06/04/2020 17:05:23] 7923877155380856482
[06/04/2020 17:05:24] 7923877155380856482
[06/04/2020 17:05:24] 7923877155380856482
[06/04/2020 17:05:24] 7923877155380856482
[06/04/2020 17:05:24] 7923877155380856482
[06/04/2020 17:05:24] 7923877155380856482
[06/04/2020 17:05:24] 7923877155380856482
[06/04/2020 17:05:24] 7923877155380856482
[06/04/2020 17:05:24] 7923877155380856482
[06/04/2020 17:05:24] 7923877155380856482
[06/04/2020 17:05:24] 7923877155380856482
[06/04/2020 17:05:24] 7923877155380856482
[06/04/2020 17:05:24] 7923877155380856482
[06/04/2020 17:05:24] 7923877155380856482
[06/04/2020 17:05:24] 7923877155380856482
[06/04/2020 17:05:24] 7923877155380856482
[06/04/2020 17:05:25] 7923877155380856482
[06/04/2020 17:05:25] 7923877155380856482
[06/04/2020 17:05:25] 7923877155380856482
[06/04/2020 17:05:25] 7923877155380856482
[06/04/2020 17:05:25] 7923877155380856482
[06/04/2020 17:05:25] 7923877155380856482
[06/04/2020 17:05:25] 7923877155380856482
[06/04/2020 17:05:25] 7923877155380856482
[06/04/2020 17:05:25] 7923877155380856482
[06/04/2020 17:05:25] 7923877155380856482
[06/04/2020 17:05:25] 7923877155380856482
[06/04/2020 17:05:25] 7923877155380856482
[06/04/2020 17:05:25] 7923877155380856482
[06/04/2020 17:05:25] 7923877155380856482
[06/04/2020 17:05:25] 7923877155380856482
[06/04/2020 17:05:26] 7923877155380856482
[06/04/2020 17:05:26] 7923877155380856482
[06/04/2020 17:05:26] 7923877155380856482
[06/04/2020 17:05:26] 7923877155380856482
[06/04/2020 17:05:26] 7923877155380856482
[06/04/2020 17:05:26] 7923877155380856482
[06/04/2020 17:05:26] 7923877155380856482
[06/04/2020 17:05:26] 7923877155380856482
[06/04/2020 17:05:26] 7923877155380856482
[06/04/2020 17:05:26] 7923877155380856482
[06/04/2020 17:05:26] 7923877155380856482
[06/04/2020 17:05:26] 7923877155380856482
[06/04/2020 17:05:26] 7923877155380856482
[06/04/2020 17:05:26] 7923877155380856482
[06/04/2020 17:05:26] 7923877155380856482
[06/04/2020 17:05:27] 7923877155380856482
[06/04/2020 17:05:27] 7923877155380856482
[06/04/2020 17:05:27] 7923877155380856482
[06/04/2020 17:05:27] 7923877155380856482
[06/04/2020 17:05:27] 7923877155380856482
[06/04/2020 17:05:27] 7923877155380856482
[06/04/2020 17:05:27] 7923877155380856482
[06/04/2020 17:05:27] 7923877155380856482
[06/04/2020 17:05:27] 7923877155380856482
[06/04/2020 17:05:27] 7923877155380856482
[06/04/2020 17:05:27] 7923877155380856482
[06/04/2020 17:05:27] 7923877155380856482
[06/04/2020 17:05:27] 7923877155380856482
[06/04/2020 17:05:27] 7923877155380856482
[06/04/2020 17:05:28] 7923877155380856482
[06/04/2020 17:05:28] 7923877155380856482
[06/04/2020 17:05:28] 7923877155380856482
[06/04/2020 17:05:28] 7923877155380856482
[06/04/2020 17:05:28] 7923877155380856482
[06/04/2020 17:05:28] 7923877155380856482
[06/04/2020 17:05:28] 7923877155380856482
[06/04/2020 17:05:28] 7923877155380856482
[06/04/2020 17:05:28] 7923877155380856482
[06/04/2020 17:05:28] 7923877155380856482
[06/04/2020 17:05:28] 7923877155380856482
[06/04/2020 17:05:28] 7923877155380856482
[06/04/2020 17:05:28] 7923877155380856482
[06/04/2020 17:05:28] 7923877155380856482
[06/04/2020 17:05:28] 7923877155380856482
[06/04/2020 17:05:29] 7923877155380856482
[06/04/2020 17:05:29] 7923877155380856482
[06/04/2020 17:05:29] 7923877155380856482
[06/04/2020 17:05:29] 7923877155380856482
[06/04/2020 17:05:29] 7923877155380856482
[06/04/2020 17:05:29] 7923877155380856482
[06/04/2020 17:05:29] 7923877155380856482
[06/04/2020 17:05:29] 7923877155380856482
[06/04/2020 17:05:29] 7923877155380856482
[06/04/2020 17:05:29] 7923877155380856482
[06/04/2020 17:05:29] 7923877155380856482
[06/04/2020 17:05:29] 7923877155380856482
[06/04/2020 17:05:29] 7923877155380856482
[06/04/2020 17:05:29] 7923877155380856482
[06/04/2020 17:05:29] 7923877155380856482
[06/04/2020 17:05:30] 7923877155380856482
[06/04/2020 17:05:30] 7923877155380856482
[06/04/2020 17:05:30] 7923877155380856482
[06/04/2020 17:05:30] 7923877155380856482
[06/04/2020 17:05:30] 7923877155380856482
[06/04/2020 17:05:30] 7923877155380856482
[06/04/2020 17:05:30] 7923877155380856482
[06/04/2020 17:05:30] 7923877155380856482
[06/04/2020 17:05:30] 7923877155380856482
[06/04/2020 17:05:30] 7923877155380856482
[06/04/2020 17:05:30] 7923877155380856482
[06/04/2020 17:05:30] 7923877155380856482
[06/04/2020 17:05:30] 7923877155380856482
[06/04/2020 17:05:30] 7923877155380856482
[06/04/2020 17:05:30] 7923877155380856482
[06/04/2020 17:05:31] 7923877155380856482
[06/04/2020 17:05:31] 7923877155380856482
[06/04/2020 17:05:31] 7923877155380856482
[06/04/2020 17:05:31] 7923877155380856482
[06/04/2020 17:05:31] 7923877155380856482
[06/04/2020 17:05:31] 7923877155380856482
[06/04/2020 17:05:31] 7923877155380856482
[06/04/2020 17:05:31] 7923877155380856482
[06/04/2020 17:05:31] 7923877155380856482
[06/04/2020 17:05:31] 7923877155380856482
[06/04/2020 17:05:31] 7923877155380856482
[06/04/2020 17:05:31] 7923877155380856482
[06/04/2020 17:05:31] 7923877155380856482
[06/04/2020 17:05:31] 7923877155380856482
[06/04/2020 17:05:32] 7923877155380856482
[06/04/2020 17:05:32] 7923877155380856482
[06/04/2020 17:05:32] 7923877155380856482
[06/04/2020 17:05:32] 7923877155380856482
[06/04/2020 17:05:32] 7923877155380856482
[06/04/2020 17:05:32] 7923877155380856482
[06/04/2020 17:05:32] 7923877155380856482
[06/04/2020 17:05:32] 7923877155380856482
[06/04/2020 17:05:32] 7923877155380856482
[06/04/2020 17:05:32] 7923877155380856482
[06/04/2020 17:05:32] 7923877155380856482
[06/04/2020 17:05:32] 7923877155380856482
[06/04/2020 17:05:32] 7923877155380856482
[06/04/2020 17:05:32] 7923877155380856482
[06/04/2020 17:05:32] 7923877155380856482
[06/04/2020 17:05:33] 7923877155380856482
[06/04/2020 17:05:33] 7923877155380856482
[06/04/2020 17:05:33] 7923877155380856482
[06/04/2020 17:05:33] 7923877155380856482
[06/04/2020 17:05:33] 7923877155380856482
[06/04/2020 17:05:33] 7923877155380856482
[06/04/2020 17:05:33] 7923877155380856482
[06/04/2020 17:05:33] 7923877155380856482
[06/04/2020 17:05:33] 7923877155380856482
[06/04/2020 17:05:33] 7923877155380856482
[06/04/2020 17:05:33] 7923877155380856482
[06/04/2020 17:05:33] 7923877155380856482
[06/04/2020 17:05:33] 7923877155380856482
[06/04/2020 17:05:33] 7923877155380856482
[06/04/2020 17:05:33] 7923877155380856482
[06/04/2020 17:05:34] 7923877155380856482
[06/04/2020 17:05:34] 7923877155380856482
[06/04/2020 17:05:34] 7923877155380856482
[06/04/2020 17:05:34] 7923877155380856482
[06/04/2020 17:05:34] 7923877155380856482
[06/04/2020 17:05:34] 7923877155380856482
[06/04/2020 17:05:34] 7923877155380856482
[06/04/2020 17:05:34] 7923877155380856482
[06/04/2020 17:05:34] 7923877155380856482
[06/04/2020 17:05:34] 7923877155380856482
[06/04/2020 17:05:34] 7923877155380856482
[06/04/2020 17:05:34] 7923877155380856482
[06/04/2020 17:05:34] 7923877155380856482
[06/04/2020 17:06:37] 4095600355716070245
[06/04/2020 17:08:11] 6868068526718983673
[06/04/2020 17:08:31] 4187056402049288351
[06/04/2020 17:08:41] 6508243758371898973
[06/04/2020 17:08:50] 7927160477003306796
[06/04/2020 17:08:54] 6498132549188229796
[06/04/2020 17:08:58] 5147304539482623419
[06/04/2020 17:09:04] 924785474342554343
[06/04/2020 17:09:16] 4703430396168504867
[06/04/2020 17:09:34] 622600866751304002
[06/04/2020 17:10:33] 8580386988881863
[06/04/2020 17:10:45] 105235950637322245
[06/04/2020 17:10:47] 105235950637322245
[06/04/2020 17:10:48] 105235950637322245
[06/04/2020 17:10:49] 105235950637322245
[06/04/2020 17:10:50] 105235950637322245
[06/04/2020 17:10:50] 105235950637322245
[06/04/2020 17:10:51] 105235950637322245
[06/04/2020 17:11:03] 4139661142631928354
[06/04/2020 17:11:06] 4139661142631928354
[06/04/2020 17:11:07] 4139661142631928354
[06/04/2020 17:11:16] 4895024385462968719
[06/04/2020 17:11:18] 4895024385462968719
[06/04/2020 17:11:46] 5981985644426320826
[06/04/2020 17:11:48] 5981985644426320826
[06/04/2020 17:12:51] 2968642138564358455
[06/04/2020 17:12:52] 2968642138564358455
[06/04/2020 17:12:58] 6993648062992333667
[06/04/2020 17:13:00] 6993648062992333667
[06/04/2020 17:13:07] 3606533031579863316
[06/04/2020 17:13:07] 3606533031579863316
[06/04/2020 17:13:28] 6985161481566824613
[06/04/2020 17:13:30] 6985161481566824613
[06/04/2020 17:14:33] 713107795626327710
[06/04/2020 17:14:35] 713107795626327710
[06/04/2020 17:17:29] 447793048283195281
[06/04/2020 17:17:51] 3843394127038996589
[06/04/2020 17:17:53] 3407142379359032318
[06/04/2020 17:21:40] 5931805769822032135
[06/04/2020 17:21:42] 3038186285829255081
[06/04/2020 17:22:08] 1990179039032695877
[06/04/2020 17:22:10] 8726783590406198207
[06/04/2020 17:22:11] 7027330678210906299
[06/04/2020 17:23:49] 4727570390887744113
[06/04/2020 17:23:51] 3838869378663669630
[06/04/2020 17:24:01] 2679917082202300939
[06/04/2020 17:24:03] 7881964948862914679
[06/04/2020 17:35:24] 9135405296772600416
[06/04/2020 17:35:36] 3690437381070083195
[06/04/2020 17:35:37] 1606916332577938824
[06/04/2020 17:41:21] 4886178266843273266
[06/04/2020 17:41:23] 1551527359573645984
[06/04/2020 17:41:28] 8038135788595954043
[06/04/2020 17:41:29] 5104582374689978381
[06/04/2020 17:47:34] 1570846960215161417
[06/04/2020 17:47:34] 8960202957915379367
[06/04/2020 17:47:34] 7274447544157785115
[06/04/2020 17:47:34] 8899050821509234465
[06/04/2020 17:47:34] 1850138124911844494
[06/04/2020 17:47:34] 8967882259673124359
[06/04/2020 17:47:34] 4313186050185823982
[06/04/2020 17:47:35] 1483395197868019969
[06/04/2020 17:47:35] 915926305185538769
[06/04/2020 17:47:35] 4192576569494543361
[06/04/2020 17:47:35] 1560237523128951511
[06/04/2020 17:47:35] 2982480497897837239
[06/04/2020 17:47:35] 7151671461046591857
[06/04/2020 17:47:35] 5602288373415550052
[06/04/2020 17:47:35] 893298376962103324
[06/04/2020 17:47:35] 6778267455542063232
[06/04/2020 17:47:35] 2455209235468454397
[06/04/2020 17:47:35] 6350495026227594822
[06/04/2020 17:47:35] 1613294807142328958
[06/04/2020 17:47:35] 853712745385864908
[06/04/2020 17:47:35] 7093824353463502190
[06/04/2020 17:47:36] 3029240439518308056
[06/04/2020 17:47:36] 5972608544706774418
[06/04/2020 17:47:36] 2267135605006947453
[06/04/2020 17:47:36] 4706608299165371037
[06/04/2020 17:47:36] 4823513962354651936
[06/04/2020 17:47:36] 1766136993746471709
[06/04/2020 17:47:36] 4431344969036220471
[06/04/2020 17:47:36] 8259357041472193623
[06/04/2020 17:47:36] 3393705186816507545
[06/04/2020 17:47:36] 4448519906512344527
[06/04/2020 17:47:36] 3331384776502803970
[06/04/2020 17:47:36] 7313247859373960825
[06/04/2020 17:47:36] 5231000316107043522
[06/04/2020 17:47:36] 5112087348672063887
[06/04/2020 17:47:37] 4570798005201158233
[06/04/2020 17:47:37] 7054127795828104295
[06/04/2020 17:47:37] 4581097244249502413
[06/04/2020 17:47:37] 6108351388376203554
[06/04/2020 17:47:37] 4250830353683794423
[06/04/2020 17:47:37] 8653771107925838450
[06/04/2020 17:47:37] 3289109553314484358
[06/04/2020 17:47:37] 5121608094225265217
[06/04/2020 17:47:37] 2259606913552048394
[06/04/2020 17:47:37] 5670333169007872940
[06/04/2020 17:47:37] 810189320461428129
[06/04/2020 17:47:37] 8140577730811046754
[06/04/2020 17:47:37] 7462283356212684009
[06/04/2020 17:47:37] 7658621899348028101
[06/04/2020 17:47:37] 268400063359093698
[06/04/2020 17:47:38] 6382107672521269823
[06/04/2020 17:47:38] 1408563160585092571
[06/04/2020 17:47:38] 9109238485071667808
[06/04/2020 17:47:38] 8487730387862466499
[06/04/2020 17:47:38] 7038785042011231116
[06/04/2020 17:47:38] 1795132593169795150
[06/04/2020 17:47:38] 6964732679301262369
[06/04/2020 17:47:38] 4998098460936532467
[06/04/2020 17:47:38] 5382616185436223711
[06/04/2020 17:47:38] 236158332630935937
[06/04/2020 17:47:38] 6837344947906495589
[06/04/2020 17:47:38] 1702247533311569232
[06/04/2020 17:47:38] 8284064471114227055
[06/04/2020 17:47:38] 5847966088538782751
[06/04/2020 17:47:39] 3105854024184524557
[06/04/2020 17:47:39] 1444003382558902948
[06/04/2020 17:47:39] 5184906642179780177
[06/04/2020 17:47:39] 2165889179525319106
[06/04/2020 17:47:39] 3685189564380727831
[06/04/2020 17:47:39] 5548345958573691397
[06/04/2020 17:47:39] 8050173881403112914
[06/04/2020 17:47:39] 8596503565505496896
[06/04/2020 17:47:39] 2692043334200228632
[06/04/2020 17:47:39] 7947455466029300652
[06/04/2020 17:47:39] 6016036263252702432
[06/04/2020 17:47:39] 6451834108524345056
[06/04/2020 17:47:39] 4801855731081476647
[06/04/2020 17:47:39] 3520814026514809534
[06/04/2020 17:47:39] 8190662058252405037
[06/04/2020 17:47:40] 8630486574730405357
[06/04/2020 17:47:40] 4401534094437465825
[06/04/2020 17:47:40] 547148823693664394
[06/04/2020 17:47:40] 6853751778410743987
[06/04/2020 17:47:40] 6428439002703629846
[06/04/2020 17:47:40] 7859417812743521590
[06/04/2020 17:47:40] 8756078561484997241
[06/04/2020 17:47:40] 3737493299172927927
[06/04/2020 17:47:40] 8879674903188159590
[06/04/2020 17:47:40] 689695958259587761
[06/04/2020 17:47:40] 189098767006989901
[06/04/2020 17:47:40] 4811363227033380207
[06/04/2020 17:47:40] 6635739537543527780
[06/04/2020 17:47:40] 6196532634920579532
[06/04/2020 17:47:41] 473025470620899054
[06/04/2020 17:47:41] 3386725985811963804
[06/04/2020 17:47:41] 5240044818016436106
[06/04/2020 17:47:41] 805632062955626453
[06/04/2020 17:47:41] 4406483615274109064
[06/04/2020 17:47:41] 965051514862176899
[06/04/2020 17:47:41] 6434980227993447465
[06/04/2020 17:47:41] 2523336440216649855
[06/04/2020 17:47:41] 1636770038633427246
[06/04/2020 17:47:41] 399761613619606472
[06/04/2020 17:47:41] 5197869889128689113
[06/04/2020 17:47:41] 6322984491021413288
[06/04/2020 17:47:41] 6468858643344396645
[06/04/2020 17:47:41] 1171422968183596549
[06/04/2020 17:47:42] 777334245389508458
[06/04/2020 17:47:42] 6033282091745789921
[06/04/2020 17:47:42] 8975422216757365071
[06/04/2020 17:47:42] 8735216653132886109
[06/04/2020 17:47:42] 4542701837135207681
[06/04/2020 17:47:42] 2891934689274898935
[06/04/2020 17:47:42] 2527452841948549632
[06/04/2020 17:47:42] 7220597034235494911
[06/04/2020 17:47:42] 2606645339157027367
[06/04/2020 17:47:42] 7897686383629770315
[06/04/2020 17:47:42] 4589974160191104665
[06/04/2020 17:47:42] 5853876327336865032
[06/04/2020 17:47:42] 4599988934583675937
[06/04/2020 17:47:42] 7889930597239384095
[06/04/2020 17:47:43] 5251471709268166012
[06/04/2020 17:47:43] 7993056199753001163
[06/04/2020 17:47:43] 7435730821099588035
[06/04/2020 17:47:43] 1324582614496339982
[06/04/2020 17:47:43] 4883156818356475793
[06/04/2020 17:47:43] 2393035552184495977
[06/04/2020 17:47:43] 8692441917309215296
[06/04/2020 17:47:43] 8396163353343030834
[06/04/2020 17:47:43] 5828459808869082347
[06/04/2020 17:47:43] 3243671425314659464
[06/04/2020 17:47:43] 1077309460000625114
[06/04/2020 17:47:43] 8805137734099680935
[06/04/2020 17:47:43] 5562114822648567383
[06/04/2020 17:47:43] 2792681728234086756
[06/04/2020 17:47:43] 111040460859090634
[06/04/2020 17:47:44] 6019172996122113315
[06/04/2020 17:47:44] 5048737135116610882
[06/04/2020 17:47:44] 8223272592813780418
[06/04/2020 17:47:44] 4665480162245678408
[06/04/2020 17:47:44] 4301188765058240081
[06/04/2020 17:47:44] 1453670428745843965
[06/04/2020 17:47:44] 3988498371297011518
[06/04/2020 17:47:44] 7128266457238405224
[06/04/2020 17:47:44] 8541184149749067529
[06/04/2020 17:47:44] 297310270557018633
[06/04/2020 17:47:44] 2141032098992085803
[06/04/2020 17:47:44] 2383733877598789659
[06/04/2020 17:47:44] 3968981778135372429
[06/04/2020 17:47:44] 4132586592415866205
[06/04/2020 17:47:45] 1336835462500964071
[06/04/2020 17:47:45] 2927562352959612218
[06/04/2020 17:47:45] 898543510629062373
[06/04/2020 17:47:45] 3442786714103079498
[06/04/2020 17:47:45] 4186546043516818043
[06/04/2020 17:47:45] 5206363511591204430
[06/04/2020 17:47:45] 4110783319531914466
[06/04/2020 17:47:45] 7708460137584851805
[06/04/2020 17:47:45] 5647439462402439134
[06/04/2020 17:47:45] 1887703208145441203
[06/04/2020 17:47:45] 6680379176764555782
[06/04/2020 17:47:45] 3987624058376637739
[06/04/2020 17:47:45] 3990214396766721340
[06/04/2020 17:47:45] 6588201038203610033
[06/04/2020 17:47:46] 4368226884268568152
[06/04/2020 17:47:46] 6352003503952595069
[06/04/2020 17:47:46] 9032013279851197739
[06/04/2020 17:47:46] 1100240940863196334
[06/04/2020 17:47:46] 6310872198513659950
[06/04/2020 17:47:46] 5422358115221073296
[06/04/2020 17:47:46] 689928842166795397
[06/04/2020 17:47:46] 6206688770172788446
[06/04/2020 17:47:46] 4354928495714867800
[06/04/2020 17:47:46] 4032082099693096254
[06/04/2020 17:47:46] 5457024747428958465
[06/04/2020 17:47:46] 3610473050608684101
[06/04/2020 17:47:46] 2270835446679073716
[06/04/2020 17:47:46] 7945417944521673419
[06/04/2020 17:47:47] 4970515387481008833
[06/04/2020 17:47:47] 1801313716332708251
[06/04/2020 17:47:47] 2295505856103916328
[06/04/2020 17:47:47] 4643960514113434552
[06/04/2020 17:47:47] 2242342294387054670
[06/04/2020 17:47:47] 4665691540672057815
[06/04/2020 17:47:47] 5505589410354224669
[06/04/2020 17:47:47] 6094256001267918998
[06/04/2020 17:47:47] 8688066010128027501
[06/04/2020 17:47:47] 8836004040725919802
[06/04/2020 17:47:47] 4009745628704306408
[06/04/2020 17:47:47] 6444655782221337456
[06/04/2020 17:47:47] 8759927417048128560
[06/04/2020 17:47:47] 2721987101613530737
[06/04/2020 17:47:47] 9099738007536052463
[06/04/2020 17:47:48] 3571916532735950616
[06/04/2020 17:47:48] 4624946464548585706
[06/04/2020 17:47:48] 7770178951724267465
[06/04/2020 17:47:48] 8768840724448688558
[06/04/2020 17:47:48] 2747261935553770623
[06/04/2020 17:47:48] 6620307039627610774
[06/04/2020 17:47:48] 1301903837873653794
[06/04/2020 17:47:48] 2699371919719957941
[06/04/2020 17:47:48] 6319813207662522360
[06/04/2020 17:47:48] 8164083259100143205
[06/04/2020 17:47:48] 2693436080633714673
[06/04/2020 17:47:48] 2971232049406738972
[06/04/2020 17:47:48] 6001882411260033926
[06/04/2020 17:47:48] 8103024344403690799
[06/04/2020 17:47:49] 1444671997668292526
[06/04/2020 17:47:49] 6183624646769351298
[06/04/2020 17:47:49] 8966228942846202171
[06/04/2020 17:47:49] 6151306897446061923
[06/04/2020 17:47:49] 8559342812941583386
[06/04/2020 17:47:49] 6269566589590037659
[06/04/2020 17:47:49] 7225911971595046316
[06/04/2020 17:47:49] 3972812798632539870
[06/04/2020 17:47:49] 5900425148257895595
[06/04/2020 17:47:49] 7062213876483637689
[06/04/2020 17:47:49] 5911073010034276238
[06/04/2020 17:47:49] 4945460926324239197
[06/04/2020 17:47:49] 7578495307631656881
[06/04/2020 17:47:50] 4731082245577820387
[06/04/2020 17:47:50] 1789787012163542564
[06/04/2020 17:47:50] 5151082829904268782
[06/04/2020 17:47:50] 6940469782269546763
[06/04/2020 17:47:50] 8264579293838330307
[06/04/2020 17:47:50] 4219894859166214815
[06/04/2020 17:47:50] 5410854585182492110
[06/04/2020 17:47:50] 3010386297803902959
[06/04/2020 17:47:50] 8927696378278140481
[06/04/2020 17:47:50] 5030662886968410007
[06/04/2020 17:47:50] 8238538405652773524
[06/04/2020 17:47:50] 4346622605733301196
[06/04/2020 17:47:50] 7152934744889519815
[06/04/2020 17:47:50] 6219084057113441097
[06/04/2020 17:47:50] 5038474361875096179
[06/04/2020 17:47:50] 8495133926313958502
[06/04/2020 17:47:51] 3625829197096101782
[06/04/2020 17:47:51] 2326319182427285356
[06/04/2020 17:47:51] 5463670007008111894
[06/04/2020 17:47:51] 6365280256447185768
[06/04/2020 17:47:51] 1053263124984240100
[06/04/2020 17:47:51] 3503812485721073019
[06/04/2020 17:47:51] 4744061641620226664
[06/04/2020 17:47:51] 2441774856058354286
[06/04/2020 17:47:51] 5209273770368767370
[06/04/2020 17:47:51] 7565104442781894590
[06/04/2020 17:47:51] 8587317566376220575
[06/04/2020 17:47:51] 5104683008476677479
[06/04/2020 17:47:51] 3241887137545336970
[06/04/2020 17:47:51] 5663292496356039546
[06/04/2020 17:47:52] 5256013033950241660
[06/04/2020 17:47:52] 327739880034089260
[06/04/2020 17:47:52] 4484020439738379883
[06/04/2020 17:47:52] 6324758784984777389
[06/04/2020 17:47:52] 1941741397199007492
[06/04/2020 17:47:52] 5575455573617532960
[06/04/2020 17:47:52] 5041800185675465420
[06/04/2020 17:47:52] 2650751402025899774
[06/04/2020 17:47:52] 5922138292234784287
[06/04/2020 17:47:52] 1336411157681980041
[06/04/2020 17:47:52] 9101593711629680483
[06/04/2020 17:47:52] 4482260661352843759
[06/04/2020 17:47:52] 3836445390014495678
[06/04/2020 17:47:52] 7390240740949073010
[06/04/2020 17:47:52] 2800404942302003488
[06/04/2020 17:47:53] 6880286910214912222
[06/04/2020 17:47:53] 3200631918077053283
[06/04/2020 17:47:53] 8646295732938786316
[06/04/2020 17:47:53] 7222816278999857925
[06/04/2020 17:47:53] 3168389876774344689
[06/04/2020 17:47:53] 7328849391162419677
[06/04/2020 17:47:53] 7912616355288383436
[06/04/2020 17:47:53] 116348202057426384
[06/04/2020 17:47:53] 5323281780892478006
[06/04/2020 17:47:53] 1065847640112281848
[06/04/2020 17:47:53] 1249139536569707091
[06/04/2020 17:47:53] 1761103877401475381
[06/04/2020 17:47:53] 8914631760658653851
[06/04/2020 17:47:53] 7683972818678963270
[06/04/2020 17:47:54] 7502564380827521515
[06/04/2020 17:47:54] 5404682620621896139
[06/04/2020 17:47:54] 5363489534335510800
[06/04/2020 17:47:54] 7407688138335001622
[06/04/2020 17:47:54] 3174100677128091076
[06/04/2020 17:47:54] 6931024368709228379
[06/04/2020 17:47:54] 7567146415607165176
[06/04/2020 17:47:54] 3716667145937410664
[06/04/2020 17:47:54] 3083162116222219240
[06/04/2020 17:47:54] 9107724165227807375
[06/04/2020 17:47:54] 1868232874770065815
[06/04/2020 17:47:54] 6308826764986819026
[06/04/2020 17:47:54] 6827938677133637382
[06/04/2020 17:47:55] 621246738145506923
[06/04/2020 17:47:55] 100962129994284961
[06/04/2020 17:47:55] 5175343755374027160
[06/04/2020 17:47:55] 8443763684673620770
[06/04/2020 17:47:55] 8850150290191521816
[06/04/2020 17:47:55] 3536933748531284360
[06/04/2020 17:47:55] 5865837787943524588
[06/04/2020 17:47:55] 7730353291128816035
[06/04/2020 17:47:55] 8903428726195023632
[06/04/2020 17:47:55] 6380435293040951848
[06/04/2020 17:47:55] 2565928973848772809
[06/04/2020 17:47:55] 6501667462994310415
[06/04/2020 17:47:55] 7522980100203581387
[06/04/2020 17:47:55] 1790773717081611323
[06/04/2020 17:47:55] 6974708995292925600
[06/04/2020 17:47:56] 518170167650606627
[06/04/2020 17:47:56] 5978288646407583110
[06/04/2020 17:47:56] 2661626563685040943
[06/04/2020 17:47:56] 335923008271385080
[06/04/2020 17:47:56] 7469423490977030616
[06/04/2020 17:47:56] 8567258062174507951
[06/04/2020 17:47:56] 5372167124984840399
[06/04/2020 17:47:56] 5934754910124202037
[06/04/2020 17:47:56] 6426336636601665016
[06/04/2020 17:47:56] 624008283535178302
[06/04/2020 17:47:56] 2350877588496818411
[06/04/2020 17:47:56] 3541633042694560452
[06/04/2020 17:47:56] 863379279613823082
[06/04/2020 17:47:57] 9110342850314075911
[06/04/2020 17:47:57] 807840312753927514
[06/04/2020 17:47:57] 1471493323215417714
[06/04/2020 17:47:57] 7584858639363820384
[06/04/2020 17:47:57] 4591543007288114503
[06/04/2020 17:47:57] 1581452843462486885
[06/04/2020 17:47:57] 7470732192241910291
[06/04/2020 17:47:57] 5475517938407686255
[06/04/2020 17:47:57] 3627473270437292227
[06/04/2020 17:47:57] 3099488862318924516
[06/04/2020 17:47:57] 6645287615904154784
[06/04/2020 17:47:57] 8001200199664832444
[06/04/2020 17:47:57] 8614590555663235589
[06/04/2020 17:47:58] 770123699308183595
[06/04/2020 17:47:58] 6198392457016028461
[06/04/2020 17:47:58] 5424420666881639805
[06/04/2020 17:47:58] 5285422609296929370
[06/04/2020 17:47:58] 1895081704998867550
[06/04/2020 17:47:58] 1704680552564550917
[06/04/2020 17:47:58] 2289829163136999538
[06/04/2020 17:47:58] 8103681621532667975
[06/04/2020 17:47:58] 5875282239454080266
[06/04/2020 17:47:58] 4727304472836399437
[06/04/2020 17:47:58] 3456759761431888904
[06/04/2020 17:47:58] 4252791633856563162
[06/04/2020 17:47:58] 5400531170291125266
[06/04/2020 17:47:58] 5229320258653275772
[06/04/2020 17:47:59] 9161572941815910714
[06/04/2020 17:47:59] 5695368827712350456
[06/04/2020 17:47:59] 7577770822754340136
[06/04/2020 17:47:59] 7439046095715445435
[06/04/2020 17:47:59] 8813685090807542834
[06/04/2020 17:47:59] 255873245018319789
[06/04/2020 17:47:59] 8573221128113866338
[06/04/2020 17:47:59] 7029253310911264092
[06/04/2020 17:47:59] 4925385644379637475
[06/04/2020 17:47:59] 8766715784051601392
[06/04/2020 17:47:59] 1471743861075170901
[06/04/2020 17:47:59] 4374449601702794504
[06/04/2020 17:47:59] 7625597866687168765
[06/04/2020 17:47:59] 7400901386909732238
[06/04/2020 17:48:00] 5829613767240932161
[06/04/2020 17:48:00] 2335895935964322478
[06/04/2020 17:48:00] 6726010755271466091
[06/04/2020 17:48:00] 954712617183410715
[06/04/2020 17:48:00] 6451052094991136319
[06/04/2020 17:48:00] 7406494684691667496
[06/04/2020 17:48:00] 1537255227465002115
[06/04/2020 17:48:00] 4260736296700059998
[06/04/2020 17:48:00] 3888652586649468260
[06/04/2020 17:48:00] 5831556326244671039
[06/04/2020 17:48:00] 8092335785932129464
[06/04/2020 17:48:00] 5590359533928339895
[06/04/2020 17:48:00] 4483338811694272535
[06/04/2020 17:48:00] 8009458769642105283
[06/04/2020 17:48:01] 1459758690127121626
[06/04/2020 17:48:01] 6873126509215358988
[06/04/2020 17:48:01] 9220146107345931996
[06/04/2020 17:48:01] 1475871122477050457
[06/04/2020 17:48:01] 8765760362607895667
[06/04/2020 17:48:01] 8586844804575924010
[06/04/2020 17:48:01] 6432201066931590315
[06/04/2020 17:48:01] 5471690905014610700
[06/04/2020 17:48:01] 3898720206489524726
[06/04/2020 17:48:01] 9164432718916891721
[06/04/2020 17:48:01] 9210127412788965390
[06/04/2020 17:48:01] 2036990008684624323
[06/04/2020 17:48:01] 2741934064840115378
[06/04/2020 17:48:01] 3341844229304700678
[06/04/2020 17:48:02] 477501488230350623
[06/04/2020 17:48:02] 1619304850782830548
[06/04/2020 17:48:02] 2662789681126736105
[06/04/2020 17:48:02] 6418937949333647649
[06/04/2020 17:48:02] 446751377653287964
[06/04/2020 17:48:02] 1326263045888630610
[06/04/2020 17:48:02] 803641107428225651
[06/04/2020 17:48:02] 693398335677202215
[06/04/2020 17:48:02] 3643076676409457613
[06/04/2020 17:48:02] 2926941078126962202
[06/04/2020 17:48:02] 4773107519277896625
[06/04/2020 17:48:02] 6850746959947594076
[06/04/2020 17:48:02] 3163391781934942412
[06/04/2020 17:48:02] 4303959489566399094
[06/04/2020 17:48:02] 3812525478082042943
[06/04/2020 17:48:03] 4741857291183967269
[06/04/2020 17:48:03] 9127866979411068348
[06/04/2020 17:48:03] 7299807506799308105
[06/04/2020 17:48:03] 2914105848852108630
[06/04/2020 17:48:03] 7529870914905331328
[06/04/2020 17:48:03] 2642414689579432299
[06/04/2020 17:48:03] 2562083562510370359
[06/04/2020 17:48:03] 2160544347871022798
[06/04/2020 17:48:03] 5224649718610216908
[06/04/2020 17:48:03] 7255406753976460183
[06/04/2020 17:48:03] 4946360552198659416
[06/04/2020 17:48:03] 535203213803245940
[06/04/2020 17:48:03] 3476907578390092729
[06/04/2020 17:48:03] 248815871644816161
[06/04/2020 17:48:04] 3966156111319384073
[06/04/2020 17:48:04] 7351365160312546926
[06/04/2020 17:48:04] 1399741824453254844
[06/04/2020 17:48:04] 2315690127042642980
[06/04/2020 17:48:04] 8117892709775277327
[06/04/2020 17:48:04] 2952797448347149178
[06/04/2020 17:48:04] 5624478670977013614
[06/04/2020 17:48:04] 7769619645681646085
[06/04/2020 17:48:04] 5587954200855148161
[06/04/2020 17:48:04] 4191120296632622169
[06/04/2020 17:48:04] 4302393789968024344
[06/04/2020 17:48:04] 4125563064269064626
[06/04/2020 17:48:05] 1447991494956132853
[06/04/2020 17:48:05] 1938911870906414415
[06/04/2020 17:48:05] 5204586861124020107
[06/04/2020 17:48:05] 5085634792585243266
[06/04/2020 17:48:05] 8665423879821095907
[06/04/2020 17:48:05] 4589844261957027439
[06/04/2020 17:48:05] 8796784938037408109
[06/04/2020 17:48:05] 3906840892082855808
[06/04/2020 17:48:05] 9182691751851271704
[06/04/2020 17:48:05] 267465664926961970
[06/04/2020 17:48:05] 7958823546327932524
[06/04/2020 17:48:05] 3354556314520862565
[06/04/2020 17:48:05] 1504677971085575969
[06/04/2020 17:48:05] 2745389680108401653
[06/04/2020 17:48:06] 3627477050260196268
[06/04/2020 17:48:06] 4035566284249361926
[06/04/2020 17:48:06] 9099099717449932192
[06/04/2020 17:48:06] 113028630317342938
[06/04/2020 17:48:06] 6608383318042281869
[06/04/2020 17:48:06] 3143064412894348384
[06/04/2020 17:48:06] 7001805943833959133
[06/04/2020 17:48:06] 8728450262418800136
[06/04/2020 17:48:06] 3751189745084364224
[06/04/2020 17:48:06] 3522035487567839031
[06/04/2020 17:48:06] 7736056518891332764
[06/04/2020 17:48:06] 6322132381934107232
[06/04/2020 17:48:06] 1425779906096885092
[06/04/2020 17:48:06] 9127315457601766000
[06/04/2020 17:48:07] 5454381385320741079
[06/04/2020 17:48:07] 6970518738555821774
[06/04/2020 17:48:07] 5629121972394764594
[06/04/2020 17:48:07] 2397577404249725085
[06/04/2020 17:48:07] 2547819973965405957
[06/04/2020 17:48:07] 4249909749906759851
[06/04/2020 17:48:07] 8233317078189744067
[06/04/2020 17:48:07] 6149359504196370647
[06/04/2020 17:48:07] 1569518727084424957
[06/04/2020 17:48:07] 8897702731446712243
[06/04/2020 17:48:07] 5818058908270279829
[06/04/2020 17:48:07] 1206445928132385773
[06/04/2020 17:48:07] 9218320532373123335
[06/04/2020 17:48:07] 1854684220034932443
[06/04/2020 17:48:08] 2618133188007261993
[06/04/2020 17:48:08] 6842665893146624050
[06/04/2020 17:48:08] 643158154048362342
[06/04/2020 17:48:08] 331707776956171888
[06/04/2020 17:48:08] 4138272398484016722
[06/04/2020 17:48:08] 1163264290210426560
[06/04/2020 17:48:08] 8366738656046738248
[06/04/2020 17:48:08] 9087399634250010877
[06/04/2020 17:48:08] 6350768135400918886
[06/04/2020 17:48:08] 4391848540201277417
[06/04/2020 17:48:08] 8663912432936158824
[06/04/2020 17:48:08] 874280718369287348
[06/04/2020 17:48:08] 1653981214613258725
[06/04/2020 17:48:08] 2014166181468768855
[06/04/2020 17:48:09] 6691610528751239808
[06/04/2020 17:48:09] 7464421423761358854
[06/04/2020 17:48:09] 2102979436587673026
[06/04/2020 17:48:09] 8934641400764208493
[06/04/2020 17:48:09] 1211035847491333551
[06/04/2020 17:48:09] 134791169718139767
[06/04/2020 17:48:09] 1792118469645195742
[06/04/2020 17:48:09] 1341087328129765574
[06/04/2020 17:48:09] 625574025610076361
[06/04/2020 17:48:09] 4485829608544636017
[06/04/2020 17:48:09] 7843968472853005680
[06/04/2020 17:48:09] 6649054147328935096
[06/04/2020 17:48:09] 588388222199124294
[06/04/2020 17:48:09] 6928203095324602024  !!errore!!
[06/04/2020 23:19:52] 501739255632400494
[06/04/2020 23:19:52] 4346677896470135404
[06/04/2020 23:19:52] 3714348927049852258
[06/04/2020 23:19:52] 6951394129662468355
[06/04/2020 23:19:52] 1076766353643896024
[06/04/2020 23:19:53] 4722684398463591507
[06/04/2020 23:19:53] 8488808584681450257
[06/04/2020 23:19:53] 1489551954462440985
[06/04/2020 23:19:53] 1568109497424492016
[06/04/2020 23:19:53] 3351413258636742583
[06/04/2020 23:19:53] 7644958209660383071
[06/04/2020 23:19:53] 3127945591425863154
[06/04/2020 23:19:53] 1029498332790343657
[06/04/2020 23:19:53] 5573872775565215124
[06/04/2020 23:19:53] 5311076825180413912
[06/04/2020 23:19:53] 7009698843604147461
[06/04/2020 23:19:53] 276087018469139849
[06/04/2020 23:19:53] 3502734321022888438
[06/04/2020 23:19:53] 396177393993511296
[06/04/2020 23:19:54] 2421028916087271245
[06/04/2020 23:23:36] 1151204379174592401
[06/04/2020 23:23:41] 1151204379174592401
[06/04/2020 23:29:50] 8008520301012469269
[06/04/2020 23:29:50] 9117354552037856125
[06/04/2020 23:29:50] 8509655100173838553
[06/04/2020 23:29:51] 8874028362032221244
[06/04/2020 23:29:51] 8049173482282706068
[06/04/2020 23:29:51] 2273898685143982186
[06/04/2020 23:29:51] 7818048346243104666
[06/04/2020 23:29:51] 4703012476211700634
[06/04/2020 23:29:51] 5450935873510359588
[06/04/2020 23:29:51] 2521393411318450858
[06/04/2020 23:29:51] 1665126732060812886
[06/04/2020 23:29:51] 7926934028460366710
[06/04/2020 23:29:51] 7538384250549912886
[06/04/2020 23:29:51] 4016679931686545715
[06/04/2020 23:29:51] 8523144136344219444
[06/04/2020 23:29:51] 2454590279451592205
[06/04/2020 23:29:51] 5919174138577808664
[06/04/2020 23:29:52] 2846247813290504444
[06/04/2020 23:29:52] 8036738306438789517
[06/04/2020 23:29:52] 256429046665695100
[06/04/2020 23:39:06] 5975338738035627427
[06/04/2020 23:39:06] 7277565578357900252
[06/04/2020 23:39:06] 2689209375296273680
[06/04/2020 23:39:06] 8447965335293922386
[06/04/2020 23:39:06] 530396986038036790
[06/04/2020 23:39:06] 5761911688313681968
[06/04/2020 23:39:07] 7995266358792086831
[06/04/2020 23:39:07] 1090376663471467184
[06/04/2020 23:39:07] 402796633222306093
[06/04/2020 23:39:07] 9052987416181623461
[06/04/2020 23:39:07] 3686119681223819014
[06/04/2020 23:39:07] 7536181000006329238
[06/04/2020 23:39:07] 8080571813805769122
[06/04/2020 23:39:07] 2188395620360548734
[06/04/2020 23:39:07] 1350026618699369248
[06/04/2020 23:39:07] 5863741371383045573
[06/04/2020 23:39:07] 4738876857244352284
[06/04/2020 23:39:07] 7790358610312021016
[06/04/2020 23:39:07] 5587130331442647671
[06/04/2020 23:39:07] 6718002584333150290
[06/04/2020 23:40:53] 20
[06/04/2020 23:41:01] 20
